<?xml version="1.0" encoding="UTF-8"?>
<testng-results ignored="0" total="1" passed="1" failed="0" skipped="0">
  <reporter-output>
  </reporter-output>
  <suite started-at="2024-10-22T11:25:07Z" name="Default suite" finished-at="2024-10-22T11:25:19Z" duration-ms="11545">
    <groups>
      <group name="cucumber">
        <method signature="AbstractTestNGCucumberTests.runScenario(cucumber.api.testng.PickleEventWrapper, cucumber.api.testng.CucumberFeatureWrapper)[pri:0, instance:RunnerMeesho.Runner_Meesho@76494737]" name="runScenario" class="cucumber.api.testng.AbstractTestNGCucumberTests"/>
      </group> <!-- cucumber -->
    </groups>
    <test started-at="2024-10-22T11:25:07Z" name="Default test" finished-at="2024-10-22T11:25:19Z" duration-ms="11545">
      <class name="RunnerMeesho.Runner_Meesho">
        <test-method is-config="true" signature="setUpClass()[pri:0, instance:RunnerMeesho.Runner_Meesho@76494737]" started-at="2024-10-22T11:25:07Z" name="setUpClass" finished-at="2024-10-22T11:25:07Z" duration-ms="129" status="PASS">
          <reporter-output>
          </reporter-output>
        </test-method> <!-- setUpClass -->
        <test-method signature="runScenario(cucumber.api.testng.PickleEventWrapper, cucumber.api.testng.CucumberFeatureWrapper)[pri:0, instance:RunnerMeesho.Runner_Meesho@76494737]" started-at="2024-10-22T11:25:07Z" name="runScenario" description="Runs Cucumber Scenarios" data-provider="scenarios" finished-at="2024-10-22T11:25:19Z" duration-ms="11310" status="PASS">
          <params>
            <param index="0">
              <value>
                <![CDATA["Add one product from Mens Shoe section"]]>
              </value>
            </param>
            <param index="1">
              <value>
                <![CDATA["Meesho Application"]]>
              </value>
            </param>
          </params>
          <reporter-output>
          </reporter-output>
        </test-method> <!-- runScenario -->
        <test-method is-config="true" signature="tearDownClass()[pri:0, instance:RunnerMeesho.Runner_Meesho@76494737]" started-at="2024-10-22T11:25:19Z" name="tearDownClass" finished-at="2024-10-22T11:25:19Z" duration-ms="63" status="PASS">
          <reporter-output>
          </reporter-output>
        </test-method> <!-- tearDownClass -->
      </class> <!-- RunnerMeesho.Runner_Meesho -->
    </test> <!-- Default test -->
  </suite> <!-- Default suite -->
</testng-results>
